<?xml version="1.0" encoding="UTF-8"?>
<testng-results ignored="2" total="3" passed="1" failed="0" skipped="0">
  <reporter-output>
  </reporter-output>
  <suite started-at="2018-06-16T20:44:35Z" name="Weightwatchers Test Suite" finished-at="2018-06-16T20:44:42Z" duration-ms="7004">
    <groups>
    </groups>
    <test started-at="2018-06-16T20:44:35Z" name="Hours Of Operation" finished-at="2018-06-16T20:44:42Z" duration-ms="7004">
      <class name="com.weightwatchers.web.test.HoursOfOperationTest">
        <test-method signature="hoursOfOperation()[pri:0, instance:com.weightwatchers.web.test.HoursOfOperationTest@36d585c]" started-at="2018-06-16T20:44:36Z" name="hoursOfOperation" finished-at="2018-06-16T20:44:42Z" duration-ms="5533" status="PASS">
          <reporter-output>
          </reporter-output>
        </test-method> <!-- hoursOfOperation -->
      </class> <!-- com.weightwatchers.web.test.HoursOfOperationTest -->
      <class name="com.weightwatchers.web.test.BaseWebTest">
        <test-method is-config="true" signature="initializeDriver(java.lang.String)[pri:0, instance:com.weightwatchers.web.test.BaseWebTest@69fb6037]" started-at="2018-06-16T20:44:35Z" name="initializeDriver" finished-at="2018-06-16T20:44:36Z" duration-ms="1332" status="PASS">
          <params>
            <param index="0">
              <value>
                <![CDATA[chrome]]>
              </value>
            </param>
          </params>
          <reporter-output>
          </reporter-output>
        </test-method> <!-- initializeDriver -->
        <test-method is-config="true" signature="clean()[pri:0, instance:com.weightwatchers.web.test.BaseWebTest@69fb6037]" started-at="2018-06-16T20:44:42Z" name="clean" finished-at="2018-06-16T20:44:42Z" duration-ms="119" status="PASS">
          <reporter-output>
          </reporter-output>
        </test-method> <!-- clean -->
      </class> <!-- com.weightwatchers.web.test.BaseWebTest -->
    </test> <!-- Hours Of Operation -->
  </suite> <!-- Weightwatchers Test Suite -->
</testng-results>
