<?xml version="1.0" encoding="UTF-8"?>
<!-- Generated by org.testng.reporters.JUnitXMLReporter -->
<testsuite ignored="2" hostname="Shilpas-MacBook-Pro.local" failures="0" tests="1" name="Hours Of Operation" time="7.004" errors="0" timestamp="16 Jun 2018 20:44:42 GMT">
  <testcase classname="com.weightwatchers.web.test.HoursOfOperationTest" name="hoursOfOperation" time="5.533"/>
  <testcase classname="com.weightwatchers.web.test.BaseWebTest" name="@AfterTest clean" time="0.0">
    <ignored/>
  </testcase> <!-- @AfterTest clean -->
  <testcase classname="com.weightwatchers.web.test.BaseWebTest" name="@BeforeTest initializeDriver" time="0.0">
    <ignored/>
  </testcase> <!-- @BeforeTest initializeDriver -->
</testsuite> <!-- Hours Of Operation -->
